The CXX compiler identification could not be found in "C:/Users/sosan/AndroidStudioProjects/Granny-Launcher-main/app/.cxx/Release/313d4f73/arm64-v8a/CMakeFiles/3.22.1-g37088a8-dirty/CompilerIdCXX/CMakeCXXCompilerId.o"

Compiling the CXX compiler identification source file "CMakeCXXCompilerId.cpp" failed.
Compiler: C:/Users/sosan/AppData/Local/Android/Sdk/ndk/28.2.13676358/toolchains/llvm/prebuilt/windows-x86_64/bin/clang++.exe 
Build flags: -g;-DANDROID;-fdata-sections;-ffunction-sections;-funwind-tables;-fstack-protector-strong;-no-canonical-prefixes;-D_FORTIFY_SOURCE=2;-Wformat;-Werror=format-security;;-std=c++17;-O3;-DNDEBUG;-fvisibility=hidden;-fvisibility-inlines-hidden;-ffunction-sections;-fdata-sections;-fno-exceptions;-fno-rtti;-flto=thin
Id flags:  

The output was:
1
lld: error: unable to find library -lstdc++
lld: error: unable to find library -lssp_nonshared
lld: error: unable to find library -lssp
lld: error: unable to find library -lmingw32
lld: error: unable to find library -lgcc_s
lld: error: unable to find library -lgcc
lld: error: unable to find library -lmoldname
lld: error: unable to find library -lmingwex
lld: error: unable to find library -lmsvcrt
lld: error: unable to find library -ladvapi32
lld: error: unable to find library -lshell32
lld: error: unable to find library -luser32
lld: error: unable to find library -lkernel32
lld: error: unable to find library -lmingw32
lld: error: unable to find library -lgcc_s
lld: error: unable to find library -lgcc
lld: error: unable to find library -lmoldname
lld: error: unable to find library -lmingwex
lld: error: unable to find library -lmsvcrt
lld: error: unable to find library -lkernel32
clang++: error: linker command failed with exit code 1 (use -v to see invocation)


The CXX compiler identification could not be found in "C:/Users/sosan/AndroidStudioProjects/Granny-Launcher-main/app/.cxx/Release/313d4f73/arm64-v8a/CMakeFiles/3.22.1-g37088a8-dirty/CompilerIdCXX/CMakeCXXCompilerId.o"

Compiling the CXX compiler identification source file "CMakeCXXCompilerId.cpp" failed.
Compiler: C:/Users/sosan/AppData/Local/Android/Sdk/ndk/28.2.13676358/toolchains/llvm/prebuilt/windows-x86_64/bin/clang++.exe 
Build flags: -g;-DANDROID;-fdata-sections;-ffunction-sections;-funwind-tables;-fstack-protector-strong;-no-canonical-prefixes;-D_FORTIFY_SOURCE=2;-Wformat;-Werror=format-security;;-std=c++17;-O3;-DNDEBUG;-fvisibility=hidden;-fvisibility-inlines-hidden;-ffunction-sections;-fdata-sections;-fno-exceptions;-fno-rtti;-flto=thin
Id flags: --c++ 

The output was:
1
clang++: error: unknown argument: '--c++'


Compiling the CXX compiler identification source file "CMakeCXXCompilerId.cpp" failed.
Compiler: C:/Users/sosan/AppData/Local/Android/Sdk/ndk/28.2.13676358/toolchains/llvm/prebuilt/windows-x86_64/bin/clang++.exe 
Build flags: -g;-DANDROID;-fdata-sections;-ffunction-sections;-funwind-tables;-fstack-protector-strong;-no-canonical-prefixes;-D_FORTIFY_SOURCE=2;-Wformat;-Werror=format-security;;-std=c++17;-O3;-DNDEBUG;-fvisibility=hidden;-fvisibility-inlines-hidden;-ffunction-sections;-fdata-sections;-fno-exceptions;-fno-rtti;-flto=thin
Id flags: --ec++ 

The output was:
1
clang++: error: unknown argument: '--ec++'


Compiling the CXX compiler identification source file "CMakeCXXCompilerId.cpp" failed.
Compiler: C:/Users/sosan/AppData/Local/Android/Sdk/ndk/28.2.13676358/toolchains/llvm/prebuilt/windows-x86_64/bin/clang++.exe 
Build flags: -g;-DANDROID;-fdata-sections;-ffunction-sections;-funwind-tables;-fstack-protector-strong;-no-canonical-prefixes;-D_FORTIFY_SOURCE=2;-Wformat;-Werror=format-security;;-std=c++17;-O3;-DNDEBUG;-fvisibility=hidden;-fvisibility-inlines-hidden;-ffunction-sections;-fdata-sections;-fno-exceptions;-fno-rtti;-flto=thin
Id flags: --target=arm-arm-none-eabi;-mcpu=cortex-m3 

The output was:
1
ld.lld: error: unable to find library -lc++
ld.lld: error: unable to find library -lc++abi
ld.lld: error: unable to find library -lunwind
ld.lld: error: unable to find library -lc
ld.lld: error: unable to find library -lm
ld.lld: error: cannot open C:/Users/sosan/AppData/Local/Android/Sdk/ndk/28.2.13676358/toolchains/llvm/prebuilt/windows-x86_64/bin/../lib/clang-runtimes/arm-arm-none-eabi/lib/libclang_rt.builtins.a: No such file or directory
clang++: error: ld.lld command failed with exit code 1 (use -v to see invocation)


The CXX compiler identification could not be found in "C:/Users/sosan/AndroidStudioProjects/Granny-Launcher-main/app/.cxx/Release/313d4f73/arm64-v8a/CMakeFiles/3.22.1-g37088a8-dirty/CompilerIdCXX/CMakeCXXCompilerId.o"

